<?xml version="1.0" encoding="UTF-8"?>
<!-- Generated by org.testng.reporters.JUnitReportReporter -->
<testsuite hostname="DESKTOP-OVC0NH1" failures="0" tests="4" name="API_TESTCASES.Selenium_Api" time="6.826" errors="0" timestamp="2025-04-07T10:01:12 IST" skipped="0">
  <testcase classname="API_TESTCASES.Selenium_Api" name="GetUser" time="4.739"/>
  <system-out/>
  <testcase classname="API_TESTCASES.Selenium_Api" name="PostUser" time="0.559"/>
  <system-out/>
  <testcase classname="API_TESTCASES.Selenium_Api" name="PutUser" time="1.115"/>
  <system-out/>
  <testcase classname="API_TESTCASES.Selenium_Api" name="DeleteUser" time="0.413"/>
  <system-out/>
</testsuite> <!-- API_TESTCASES.Selenium_Api -->
