<?xml version="1.0" encoding="UTF-8"?>
<!-- Generated by org.testng.reporters.JUnitReportReporter -->
<testsuite hostname="DESKTOP-OVC0NH1" failures="0" tests="3" name="API_TESTCASES.OXOAPI_001" time="7.396" errors="0" timestamp="2025-04-07T12:58:04 IST" skipped="0">
  <testcase classname="API_TESTCASES.OXOAPI_001" name="APIKey" time="4.686"/>
  <system-out/>
  <testcase classname="API_TESTCASES.OXOAPI_001" name="GetOrderDetails" time="2.367"/>
  <system-out/>
  <testcase classname="API_TESTCASES.OXOAPI_001" name="invoice" time="0.343"/>
  <system-out/>
</testsuite> <!-- API_TESTCASES.OXOAPI_001 -->
