<?xml version="1.0" encoding="UTF-8"?>
<!-- Generated by org.testng.reporters.JUnitReportReporter -->
<testsuite hostname="DESKTOP-OVC0NH1" failures="0" tests="1" name="APIBookingTickets.BookingTickets" time="4.730" errors="0" timestamp="2025-04-06T15:16:00 IST" skipped="0">
  <testcase classname="APIBookingTickets.BookingTickets" name="GetBooking" time="4.730"/>
  <system-out/>
</testsuite> <!-- APIBookingTickets.BookingTickets -->
