<?xml version="1.0" encoding="UTF-8"?>
<!-- Generated by org.testng.reporters.JUnitReportReporter -->
<testsuite hostname="DESKTOP-OVC0NH1" failures="0" tests="4" name="API_TESTCASES.HTTP_Request" time="8.545" errors="0" timestamp="2025-04-05T20:07:26 IST" skipped="0">
  <testcase classname="API_TESTCASES.HTTP_Request" name="GetUser" time="6.033"/>
  <system-out/>
  <testcase classname="API_TESTCASES.HTTP_Request" name="PostUser" time="1.360"/>
  <system-out/>
  <testcase classname="API_TESTCASES.HTTP_Request" name="PutUser" time="0.404"/>
  <system-out/>
  <testcase classname="API_TESTCASES.HTTP_Request" name="DeleteUser" time="0.748"/>
  <system-out/>
</testsuite> <!-- API_TESTCASES.HTTP_Request -->
